<?xml version="1.0" encoding="UTF-8"?>
<testng-results ignored="0" total="3" passed="3" failed="0" skipped="0">
  <reporter-output>
  </reporter-output>
  <suite started-at="2024-02-27T17:27:53 IST" name="Amazon" finished-at="2024-02-27T17:28:42 IST" duration-ms="49119">
    <groups>
    </groups>
    <test started-at="2024-02-27T17:27:53 IST" name="Login Functionality" finished-at="2024-02-27T17:28:42 IST" duration-ms="49119">
      <class name="com.amazon.TestClasses.LoginFunctionality">
        <test-method is-config="true" signature="launchBrowser()[pri:0, instance:com.amazon.TestClasses.LoginFunctionality@5c1a8622]" started-at="2024-02-27T17:27:54 IST" name="launchBrowser" finished-at="2024-02-27T17:27:59 IST" duration-ms="5431" status="PASS">
          <reporter-output>
          </reporter-output>
        </test-method> <!-- launchBrowser -->
        <test-method signature="testLoginCases(java.util.HashMap)[pri:0, instance:com.amazon.TestClasses.LoginFunctionality@5c1a8622]" started-at="2024-02-27T17:27:59 IST" name="testLoginCases" data-provider="getData" finished-at="2024-02-27T17:28:10 IST" duration-ms="10858" status="PASS">
          <params>
            <param index="0">
              <value>
                <![CDATA[{MobileNo=+919444575743, Password=Saurabhv@28}]]>
              </value>
            </param>
          </params>
          <reporter-output>
          </reporter-output>
        </test-method> <!-- testLoginCases -->
        <test-method is-config="true" signature="closeBrowser()[pri:0, instance:com.amazon.TestClasses.LoginFunctionality@5c1a8622]" started-at="2024-02-27T17:28:10 IST" name="closeBrowser" finished-at="2024-02-27T17:28:11 IST" duration-ms="425" status="PASS">
          <reporter-output>
          </reporter-output>
        </test-method> <!-- closeBrowser -->
        <test-method is-config="true" signature="launchBrowser()[pri:0, instance:com.amazon.TestClasses.LoginFunctionality@5c1a8622]" started-at="2024-02-27T17:28:11 IST" name="launchBrowser" finished-at="2024-02-27T17:28:15 IST" duration-ms="4312" status="PASS">
          <reporter-output>
          </reporter-output>
        </test-method> <!-- launchBrowser -->
        <test-method signature="testLoginCases(java.util.HashMap)[pri:0, instance:com.amazon.TestClasses.LoginFunctionality@5c1a8622]" started-at="2024-02-27T17:28:15 IST" name="testLoginCases" data-provider="getData" finished-at="2024-02-27T17:28:27 IST" duration-ms="12549" status="PASS">
          <params>
            <param index="0">
              <value>
                <![CDATA[{MobileNo=+919993433823, Password=Saurabhv@28}]]>
              </value>
            </param>
          </params>
          <reporter-output>
          </reporter-output>
        </test-method> <!-- testLoginCases -->
        <test-method is-config="true" signature="closeBrowser()[pri:0, instance:com.amazon.TestClasses.LoginFunctionality@5c1a8622]" started-at="2024-02-27T17:28:27 IST" name="closeBrowser" finished-at="2024-02-27T17:28:28 IST" duration-ms="407" status="PASS">
          <reporter-output>
          </reporter-output>
        </test-method> <!-- closeBrowser -->
        <test-method is-config="true" signature="launchBrowser()[pri:0, instance:com.amazon.TestClasses.LoginFunctionality@5c1a8622]" started-at="2024-02-27T17:28:28 IST" name="launchBrowser" finished-at="2024-02-27T17:28:32 IST" duration-ms="4280" status="PASS">
          <reporter-output>
          </reporter-output>
        </test-method> <!-- launchBrowser -->
        <test-method signature="testLoginCases(java.util.HashMap)[pri:0, instance:com.amazon.TestClasses.LoginFunctionality@5c1a8622]" started-at="2024-02-27T17:28:32 IST" name="testLoginCases" data-provider="getData" finished-at="2024-02-27T17:28:42 IST" duration-ms="9774" status="PASS">
          <params>
            <param index="0">
              <value>
                <![CDATA[{MobileNo=+918308227457, Password=Saurabhv@28}]]>
              </value>
            </param>
          </params>
          <reporter-output>
          </reporter-output>
        </test-method> <!-- testLoginCases -->
        <test-method is-config="true" signature="closeBrowser()[pri:0, instance:com.amazon.TestClasses.LoginFunctionality@5c1a8622]" started-at="2024-02-27T17:28:42 IST" name="closeBrowser" finished-at="2024-02-27T17:28:42 IST" duration-ms="362" status="PASS">
          <reporter-output>
          </reporter-output>
        </test-method> <!-- closeBrowser -->
      </class> <!-- com.amazon.TestClasses.LoginFunctionality -->
    </test> <!-- Login Functionality -->
  </suite> <!-- Amazon -->
</testng-results>
