<?xml version="1.0" encoding="UTF-8"?>
<testng-results ignored="0" total="2" passed="2" failed="0" skipped="0">
  <reporter-output>
  </reporter-output>
  <suite started-at="2024-03-05T20:21:44 IST" name="Amazon" finished-at="2024-03-05T20:23:32 IST" duration-ms="107883">
    <groups>
    </groups>
    <test started-at="2024-03-05T20:21:44 IST" name="Adding To Cart Functionality" finished-at="2024-03-05T20:23:32 IST" duration-ms="107883">
      <class name="com.amazon.TestClasses.AddressVerficationAndUpdation">
        <test-method is-config="true" signature="launchBrowser()[pri:0, instance:com.amazon.TestClasses.AddressVerficationAndUpdation@37e547da]" started-at="2024-03-05T20:21:45 IST" name="launchBrowser" finished-at="2024-03-05T20:21:51 IST" duration-ms="6411" status="PASS">
          <reporter-output>
          </reporter-output>
        </test-method> <!-- launchBrowser -->
        <test-method signature="updateNewAddress(java.util.HashMap)[pri:0, instance:com.amazon.TestClasses.AddressVerficationAndUpdation@37e547da]" started-at="2024-03-05T20:21:51 IST" name="updateNewAddress" data-provider="getData" finished-at="2024-03-05T20:22:42 IST" duration-ms="50562" status="PASS">
          <params>
            <param index="0">
              <value>
                <![CDATA[{MobileNo=9876543210, password=Saurabhv@28, Area=Katraj, BuildingAddress=C-4 Classic Garden, State=MAHARASHTRA, loginMobileNo=+919993433823, FullName=Harini G, Landmark=Opp. BVP University, Country=India, City=Pune, PinCode=411046}]]>
              </value>
            </param>
          </params>
          <reporter-output>
          </reporter-output>
        </test-method> <!-- updateNewAddress -->
        <test-method is-config="true" signature="closeBrowser()[pri:0, instance:com.amazon.TestClasses.AddressVerficationAndUpdation@37e547da]" started-at="2024-03-05T20:22:42 IST" name="closeBrowser" finished-at="2024-03-05T20:22:43 IST" duration-ms="1332" status="PASS">
          <reporter-output>
          </reporter-output>
        </test-method> <!-- closeBrowser -->
        <test-method is-config="true" signature="launchBrowser()[pri:0, instance:com.amazon.TestClasses.AddressVerficationAndUpdation@37e547da]" started-at="2024-03-05T20:22:43 IST" name="launchBrowser" finished-at="2024-03-05T20:22:47 IST" duration-ms="4379" status="PASS">
          <reporter-output>
          </reporter-output>
        </test-method> <!-- launchBrowser -->
        <test-method signature="verifyAddressAndSelect(java.util.HashMap)[pri:0, instance:com.amazon.TestClasses.AddressVerficationAndUpdation@37e547da]" started-at="2024-03-05T20:22:47 IST" name="verifyAddressAndSelect" data-provider="getData" finished-at="2024-03-05T20:23:31 IST" duration-ms="43435" status="PASS">
          <params>
            <param index="0">
              <value>
                <![CDATA[{MobileNo=9876543210, password=Saurabhv@28, Area=Katraj, BuildingAddress=C-4 Classic Garden, State=MAHARASHTRA, loginMobileNo=+919993433823, FullName=Harini G, Landmark=Opp. BVP University, Country=India, City=Pune, PinCode=411046}]]>
              </value>
            </param>
          </params>
          <reporter-output>
          </reporter-output>
        </test-method> <!-- verifyAddressAndSelect -->
        <test-method is-config="true" signature="closeBrowser()[pri:0, instance:com.amazon.TestClasses.AddressVerficationAndUpdation@37e547da]" started-at="2024-03-05T20:23:31 IST" name="closeBrowser" finished-at="2024-03-05T20:23:32 IST" duration-ms="1276" status="PASS">
          <reporter-output>
          </reporter-output>
        </test-method> <!-- closeBrowser -->
      </class> <!-- com.amazon.TestClasses.AddressVerficationAndUpdation -->
    </test> <!-- Adding To Cart Functionality -->
  </suite> <!-- Amazon -->
</testng-results>
