<?xml version="1.0" encoding="UTF-8"?>
<!-- Generated by org.testng.reporters.JUnitXMLReporter -->
<testsuite ignored="0" hostname="LTIN302275" failures="0" tests="2" name="Adding To Cart Functionality" time="107.883" errors="0" timestamp="2024-03-05T20:23:32 IST">
  <testcase classname="com.amazon.TestClasses.AddressVerficationAndUpdation" name="updateNewAddress" time="50.562"/>
  <testcase classname="com.amazon.TestClasses.AddressVerficationAndUpdation" name="verifyAddressAndSelect" time="43.435"/>
</testsuite> <!-- Adding To Cart Functionality -->
