<?xml version="1.0" encoding="UTF-8"?>
<!-- Generated by org.testng.reporters.JUnitXMLReporter -->
<testsuite ignored="0" hostname="LTIN302275" failures="0" tests="3" name="Login Functionality" time="49.119" errors="0" timestamp="2024-02-27T17:28:42 IST">
  <testcase classname="com.amazon.TestClasses.LoginFunctionality" name="testLoginCases" time="10.858"/>
  <testcase classname="com.amazon.TestClasses.LoginFunctionality" name="testLoginCases" time="12.549"/>
  <testcase classname="com.amazon.TestClasses.LoginFunctionality" name="testLoginCases" time="9.774"/>
</testsuite> <!-- Login Functionality -->
